<?xml version="1.0" encoding="UTF-8"?>
<!-- Generated by org.testng.reporters.JUnitXMLReporter -->
<testsuite hostname="DESKTOP-4BNN8P3" ignored="0" name="Test" tests="5" failures="0" timestamp="2020-09-13T14:42:34 IST" time="95.838" errors="0">
  <testcase name="printFlightHavingFareLessThan5000" time="17.005" classname="KochExercise.printFlightDetails"/>
  <testcase name="printFlightHavingFareLessThan5000" time="16.118" classname="KochExercise.printFlightDetails"/>
  <testcase name="printFlightHavingFareLessThan5000" time="17.297" classname="KochExercise.printFlightDetails"/>
  <testcase name="printFlightHavingFareLessThan5000" time="16.258" classname="KochExercise.printFlightDetails"/>
  <testcase name="printFlightHavingFareLessThan5000" time="18.486" classname="KochExercise.printFlightDetails"/>
</testsuite> <!-- Test -->
